<?xml version="1.0" encoding="UTF-8"?>
<!-- Generated by org.testng.reporters.JUnitReportReporter -->
<testsuite hostname="DESKTOP-A1J2SE6" name="com.buildframework.testcases.demoTest" tests="1" failures="0" timestamp="18 Dec 2018 02:12:52 GMT" time="0.031" errors="0">
  <testcase name="test1" time="0.031" classname="com.buildframework.testcases.demoTest"/>
</testsuite> <!-- com.buildframework.testcases.demoTest -->
